2026-07-12 18:01:45 [DEBUG] asyncio: Using selector: SelectSelector
2026-07-12 18:02:41 [INFO] __main__: Запуск сервера
2026-07-12 18:02:42 [INFO] __mp_main__: Запуск сервера
2026-07-12 18:02:42 [DEBUG] asyncio: Using selector: SelectSelector
2026-07-12 18:02:42 [INFO] server: Запуск сервера
2026-07-12 18:02:53 [INFO] __main__: Запуск сервера
2026-07-12 18:02:54 [INFO] __mp_main__: Запуск сервера
2026-07-12 18:02:54 [DEBUG] asyncio: Using selector: SelectSelector
2026-07-12 18:02:54 [INFO] server: Запуск сервера
2026-07-12 18:06:07 [INFO] __mp_main__: Запуск сервера
2026-07-12 18:06:07 [DEBUG] asyncio: Using selector: SelectSelector
2026-07-12 18:06:07 [INFO] server: Запуск сервера
2026-07-12 18:06:15 [INFO] __mp_main__: Запуск сервера
2026-07-12 18:06:15 [DEBUG] asyncio: Using selector: SelectSelector
2026-07-12 18:06:15 [INFO] server: Запуск сервера
2026-07-12 18:06:35 [INFO] __main__: Запуск сервера
2026-07-12 18:06:36 [INFO] __mp_main__: Запуск сервера
2026-07-12 18:06:36 [DEBUG] asyncio: Using selector: SelectSelector
2026-07-12 18:06:36 [INFO] server: Запуск сервера
2026-07-12 18:11:06 [INFO] __main__: Запуск сервера
2026-07-12 18:22:24 [INFO] __main__: Запуск сервера
2026-07-12 18:25:18 [INFO] __main__: Запуск сервера
2026-07-12 18:25:19 [INFO] __mp_main__: Запуск сервера
2026-07-12 18:25:19 [DEBUG] asyncio: Using selector: SelectSelector
2026-07-12 18:25:19 [INFO] server: Запуск сервера
2026-07-12 18:25:29 [INFO] server: === ВХОДЯЩИЙ ВЕБХУК ===
2026-07-12 18:25:29 [INFO] server: {'updates': [{'from': {'login': 'avshilov995', 'id': '8cdbb306-2ef5-92cb-796d-65179fd679cc', 'display_name': 'Александр Шилов', 'robot': False}, 'chat': {'type': 'private', 'id': '23208209-4a77-9fd8-5064-77aeffd34a20_8cdbb306-2ef5-92cb-796d-65179fd679cc'}, 'text': 'накладная 26-10531005882', 'timestamp': 1783850113, 'message_id': 1783850113344034, 'payload_id': 'a4eadbe6-370f-7f7b-be9fd9f1', 'update_id': 1783850113344034}]}
2026-07-12 18:25:29 [INFO] server: Получено сообщение: login=avshilov995, name=Александр Шилов, text='накладная 26-10531005882'
2026-07-12 18:25:29 [INFO] server: Обрабатываем update #0: chat_id=23208209-4a77-9fd8-5064-77aeffd34a20_8cdbb306-2ef5-92cb-796d-65179fd679cc user_id=8cdbb306-2ef5-92cb-796d-65179fd679cc text=накладная 26-10531005882
2026-07-12 18:26:26 [INFO] __mp_main__: Запуск сервера
2026-07-12 18:26:26 [DEBUG] asyncio: Using selector: SelectSelector
2026-07-12 18:26:26 [INFO] server: Запуск сервера
2026-07-12 18:26:41 [INFO] __mp_main__: Запуск сервера
2026-07-12 18:26:42 [DEBUG] asyncio: Using selector: SelectSelector
2026-07-12 18:26:42 [INFO] server: Запуск сервера
2026-07-12 18:26:44 [DEBUG] urllib3.connectionpool: Starting new HTTP connection (1): 127.0.0.1:8000
2026-07-12 18:26:44 [INFO] server: === ВХОДЯЩИЙ ВЕБХУК ===
2026-07-12 18:26:44 [INFO] server: {'updates': [{'from': {'login': 'avshilov995', 'id': '8cdbb306-2ef5-92cb-796d-65179fd679cc', 'display_name': 'Александр Шилов', 'robot': False}, 'chat': {'type': 'private', 'id': '23208209-4a77-9fd8-5064-77aeffd34a20_8cdbb306-2ef5-92cb-796d-65179fd679cc'}, 'text': 'накладная 26-10531005882', 'timestamp': 1783850113, 'message_id': 1783850113344034, 'payload_id': 'a4eadbe6-370f-7f7b-be9fd9f1', 'update_id': 1783850113344034}]}
2026-07-12 18:26:44 [INFO] server: Получено сообщение: login=avshilov995, name=Александр Шилов, text='накладная 26-10531005882'
2026-07-12 18:26:44 [INFO] server: Обрабатываем update #0: chat_id=23208209-4a77-9fd8-5064-77aeffd34a20_8cdbb306-2ef5-92cb-796d-65179fd679cc user_id=8cdbb306-2ef5-92cb-796d-65179fd679cc text=накладная 26-10531005882
2026-07-12 18:26:44 [DEBUG] urllib3.connectionpool: http://127.0.0.1:8000 "POST /webhook HTTP/1.1" 200 230
2026-07-12 18:26:44 [INFO] __main__: Запрос успешно выполнен. Статус ответа: 200
2026-07-12 18:26:44 [INFO] __main__: {'status': 'ok', 'handled_count': 1, 'errors_count': 0, 'details': [{'update_index': 0, 'status': 'handled', 'chat_id': '23208209-4a77-9fd8-5064-77aeffd34a20_8cdbb306-2ef5-92cb-796d-65179fd679cc', 'reply': 'НАКЛАДНАЯ 26-10531005882'}]}
2026-07-12 18:27:07 [INFO] __mp_main__: Запуск сервера
2026-07-12 18:27:07 [DEBUG] asyncio: Using selector: SelectSelector
2026-07-12 18:27:07 [INFO] server: Запуск сервера
2026-07-12 18:35:45 [INFO] __mp_main__: Запуск сервера
2026-07-12 18:36:04 [INFO] __mp_main__: Запуск сервера
2026-07-12 18:36:17 [INFO] __mp_main__: Запуск сервера
2026-07-12 18:36:56 [INFO] __mp_main__: Запуск сервера
2026-07-12 18:36:56 [DEBUG] asyncio: Using selector: SelectSelector
2026-07-12 18:36:56 [INFO] server: Запуск сервера
2026-07-12 18:36:57 [INFO] __mp_main__: Запуск сервера
2026-07-12 18:36:57 [DEBUG] asyncio: Using selector: SelectSelector
2026-07-12 18:36:57 [INFO] server: Запуск сервера
2026-07-12 18:44:12 [INFO] __main__: Запуск сервера
2026-07-12 18:44:14 [INFO] __mp_main__: Запуск сервера
2026-07-12 18:44:14 [DEBUG] asyncio: Using selector: SelectSelector
2026-07-12 18:44:14 [INFO] server: Запуск сервера
2026-07-12 18:46:49 [INFO] __main__: Запуск сервера
2026-07-12 18:46:50 [INFO] __mp_main__: Запуск сервера
2026-07-12 18:46:50 [DEBUG] asyncio: Using selector: SelectSelector
2026-07-12 18:46:50 [INFO] server: Запуск сервера
2026-07-12 18:46:50 [DEBUG] tzlocal: Looking up time zone info from registry
2026-07-12 18:46:50 [INFO] apscheduler.scheduler: Adding job tentatively -- it will be properly scheduled when the scheduler starts
2026-07-12 18:46:50 [INFO] apscheduler.scheduler: Added job "update_data_from_base" to job store "default"
2026-07-12 18:46:50 [INFO] apscheduler.scheduler: Scheduler started
2026-07-12 18:46:50 [DEBUG] apscheduler.scheduler: Looking for jobs to run
2026-07-12 18:46:50 [DEBUG] apscheduler.scheduler: Next wakeup is due at 2026-07-12 21:46:50.828861+03:00 (in 10799.997000 seconds)
2026-07-12 18:46:50 [INFO] server: 📅 Планировщик задач запущен: обновление базы настроено на каждые 3 часа.
2026-07-12 18:48:44 [INFO] apscheduler.scheduler: Scheduler has been shut down
2026-07-12 18:48:44 [DEBUG] apscheduler.scheduler: Looking for jobs to run
2026-07-12 18:48:44 [DEBUG] apscheduler.scheduler: No jobs; waiting until a job is added
2026-07-12 18:48:44 [INFO] server: 📅 Планировщик задач успешно остановлен.
2026-07-12 18:49:08 [INFO] __main__: Запуск сервера
2026-07-12 18:49:09 [INFO] __mp_main__: Запуск сервера
2026-07-12 18:49:09 [DEBUG] asyncio: Using selector: SelectSelector
2026-07-12 18:49:09 [INFO] server: Запуск сервера
2026-07-12 18:49:09 [DEBUG] tzlocal: Looking up time zone info from registry
2026-07-12 18:49:09 [INFO] apscheduler.scheduler: Adding job tentatively -- it will be properly scheduled when the scheduler starts
2026-07-12 18:49:09 [INFO] apscheduler.scheduler: Added job "update_data_from_base" to job store "default"
2026-07-12 18:49:09 [INFO] apscheduler.scheduler: Scheduler started
2026-07-12 18:49:09 [DEBUG] apscheduler.scheduler: Looking for jobs to run
2026-07-12 18:49:09 [DEBUG] apscheduler.scheduler: Next wakeup is due at 2026-07-12 18:50:49.721145+03:00 (in 99.995002 seconds)
2026-07-12 18:49:09 [INFO] server: 📅 Планировщик задач запущен: обновление базы настроено на каждые 3 часа.
2026-07-12 18:50:49 [DEBUG] apscheduler.scheduler: Looking for jobs to run
2026-07-12 18:50:49 [DEBUG] apscheduler.scheduler: Next wakeup is due at 2026-07-12 18:52:29.721145+03:00 (in 99.987717 seconds)
2026-07-12 18:50:49 [INFO] apscheduler.executors.default: Running job "update_data_from_base (trigger: interval[0:01:40], next run at: 2026-07-12 18:52:29 MSK)" (scheduled at 2026-07-12 18:50:49.721145+03:00)
2026-07-12 18:50:49 [ERROR] data_from_base_update: Не заданы GSPREAD_SERVICE_ACCOUNT_JSON или GOOGLE_SHEET_ID в .env
2026-07-12 18:50:49 [INFO] apscheduler.executors.default: Job "update_data_from_base (trigger: interval[0:01:40], next run at: 2026-07-12 18:52:29 MSK)" executed successfully
2026-07-12 18:51:28 [INFO] apscheduler.scheduler: Scheduler has been shut down
2026-07-12 18:51:28 [DEBUG] apscheduler.scheduler: Looking for jobs to run
2026-07-12 18:51:28 [DEBUG] apscheduler.scheduler: No jobs; waiting until a job is added
2026-07-12 18:51:28 [INFO] server: 📅 Планировщик задач успешно остановлен.
2026-07-12 18:52:51 [INFO] __main__: Запуск сервера
2026-07-12 18:52:53 [INFO] __mp_main__: Запуск сервера
2026-07-12 18:52:53 [DEBUG] asyncio: Using selector: SelectSelector
2026-07-12 18:52:53 [INFO] server: Запуск сервера
2026-07-12 18:52:53 [DEBUG] tzlocal: Looking up time zone info from registry
2026-07-12 18:52:53 [INFO] apscheduler.scheduler: Adding job tentatively -- it will be properly scheduled when the scheduler starts
2026-07-12 18:52:53 [INFO] apscheduler.scheduler: Added job "update_data_from_base" to job store "default"
2026-07-12 18:52:53 [INFO] apscheduler.scheduler: Scheduler started
2026-07-12 18:52:53 [DEBUG] apscheduler.scheduler: Looking for jobs to run
2026-07-12 18:52:53 [INFO] server: 📅 Планировщик задач запущен: обновление базы настроено на каждые 3 часа.
2026-07-12 18:52:53 [DEBUG] apscheduler.scheduler: Next wakeup is due at 2026-07-12 18:54:33.535277+03:00 (in 99.996799 seconds)
2026-07-12 18:54:33 [DEBUG] apscheduler.scheduler: Looking for jobs to run
2026-07-12 18:54:33 [DEBUG] apscheduler.scheduler: Next wakeup is due at 2026-07-12 18:56:13.535277+03:00 (in 99.990302 seconds)
2026-07-12 18:54:33 [INFO] apscheduler.executors.default: Running job "update_data_from_base (trigger: interval[0:01:40], next run at: 2026-07-12 18:56:13 MSK)" (scheduled at 2026-07-12 18:54:33.535277+03:00)
2026-07-12 18:54:33 [ERROR] data_from_base_update: Не заданы GSPREAD_SERVICE_ACCOUNT_JSON или GOOGLE_SHEET_ID в .env
2026-07-12 18:54:33 [INFO] apscheduler.executors.default: Job "update_data_from_base (trigger: interval[0:01:40], next run at: 2026-07-12 18:56:13 MSK)" executed successfully
2026-07-12 18:56:03 [INFO] apscheduler.scheduler: Scheduler has been shut down
2026-07-12 18:56:03 [DEBUG] apscheduler.scheduler: Looking for jobs to run
2026-07-12 18:56:03 [DEBUG] apscheduler.scheduler: No jobs; waiting until a job is added
2026-07-12 18:56:03 [INFO] server: 📅 Планировщик задач успешно остановлен.
2026-07-12 18:58:04 [INFO] __main__: Запуск сервера
2026-07-12 18:58:06 [INFO] __mp_main__: Запуск сервера
2026-07-12 18:58:06 [DEBUG] asyncio: Using selector: SelectSelector
2026-07-12 18:58:06 [INFO] server: Запуск сервера
2026-07-12 18:58:06 [DEBUG] tzlocal: Looking up time zone info from registry
2026-07-12 18:58:06 [INFO] apscheduler.scheduler: Adding job tentatively -- it will be properly scheduled when the scheduler starts
2026-07-12 18:58:06 [INFO] apscheduler.scheduler: Added job "update_data_from_base" to job store "default"
2026-07-12 18:58:06 [INFO] apscheduler.scheduler: Scheduler started
2026-07-12 18:58:06 [DEBUG] apscheduler.scheduler: Looking for jobs to run
2026-07-12 18:58:06 [DEBUG] apscheduler.scheduler: Next wakeup is due at 2026-07-12 18:58:36.329689+03:00 (in 29.995003 seconds)
2026-07-12 18:58:06 [INFO] server: 📅 Планировщик задач запущен: обновление базы настроено на каждые 3 часа.
2026-07-12 18:58:36 [DEBUG] apscheduler.scheduler: Looking for jobs to run
2026-07-12 18:58:36 [DEBUG] apscheduler.scheduler: Next wakeup is due at 2026-07-12 18:59:06.329689+03:00 (in 29.985403 seconds)
2026-07-12 18:58:36 [INFO] apscheduler.executors.default: Running job "update_data_from_base (trigger: interval[0:00:30], next run at: 2026-07-12 18:59:06 MSK)" (scheduled at 2026-07-12 18:58:36.329689+03:00)
2026-07-12 18:58:36 [ERROR] data_from_base_update: Не заданы GSPREAD_SERVICE_ACCOUNT_JSON или GOOGLE_SHEET_ID в .env
2026-07-12 18:58:36 [INFO] data_from_base_update: None
2026-07-12 18:58:36 [INFO] data_from_base_update: None
2026-07-12 18:58:36 [INFO] apscheduler.executors.default: Job "update_data_from_base (trigger: interval[0:00:30], next run at: 2026-07-12 18:59:06 MSK)" executed successfully
2026-07-12 18:58:53 [INFO] apscheduler.scheduler: Scheduler has been shut down
2026-07-12 18:58:53 [DEBUG] apscheduler.scheduler: Looking for jobs to run
2026-07-12 18:58:53 [DEBUG] apscheduler.scheduler: No jobs; waiting until a job is added
2026-07-12 18:58:53 [INFO] server: 📅 Планировщик задач успешно остановлен.
2026-07-12 19:01:48 [INFO] __main__: Запуск сервера
2026-07-12 19:01:51 [INFO] __mp_main__: Запуск сервера
2026-07-12 19:01:51 [DEBUG] asyncio: Using selector: SelectSelector
2026-07-12 19:01:51 [INFO] server: Запуск сервера
2026-07-12 19:01:51 [DEBUG] tzlocal: Looking up time zone info from registry
2026-07-12 19:01:51 [INFO] apscheduler.scheduler: Adding job tentatively -- it will be properly scheduled when the scheduler starts
2026-07-12 19:01:51 [INFO] apscheduler.scheduler: Added job "update_data_from_base" to job store "default"
2026-07-12 19:01:51 [INFO] apscheduler.scheduler: Scheduler started
2026-07-12 19:01:51 [DEBUG] apscheduler.scheduler: Looking for jobs to run
2026-07-12 19:01:51 [DEBUG] apscheduler.scheduler: Next wakeup is due at 2026-07-12 19:02:21.341643+03:00 (in 29.951155 seconds)
2026-07-12 19:01:51 [INFO] server: 📅 Планировщик задач запущен: обновление базы настроено на каждые 3 часа.
2026-07-12 19:02:21 [DEBUG] apscheduler.scheduler: Looking for jobs to run
2026-07-12 19:02:21 [DEBUG] apscheduler.scheduler: Next wakeup is due at 2026-07-12 19:02:51.341643+03:00 (in 29.997994 seconds)
2026-07-12 19:02:21 [INFO] apscheduler.executors.default: Running job "update_data_from_base (trigger: interval[0:00:30], next run at: 2026-07-12 19:02:51 MSK)" (scheduled at 2026-07-12 19:02:21.341643+03:00)
2026-07-12 19:02:21 [ERROR] data_from_base_update: Не заданы GSPREAD_SERVICE_ACCOUNT_JSON или GOOGLE_SHEET_ID в .env
2026-07-12 19:02:21 [INFO] data_from_base_update: None
2026-07-12 19:02:21 [INFO] data_from_base_update: None
2026-07-12 19:02:21 [INFO] apscheduler.executors.default: Job "update_data_from_base (trigger: interval[0:00:30], next run at: 2026-07-12 19:02:51 MSK)" executed successfully
2026-07-12 19:02:32 [INFO] apscheduler.scheduler: Scheduler has been shut down
2026-07-12 19:02:32 [DEBUG] apscheduler.scheduler: Looking for jobs to run
2026-07-12 19:02:32 [DEBUG] apscheduler.scheduler: No jobs; waiting until a job is added
2026-07-12 19:02:32 [INFO] server: 📅 Планировщик задач успешно остановлен.
2026-07-12 19:03:01 [INFO] __main__: Запуск сервера
2026-07-12 19:03:02 [INFO] __mp_main__: Запуск сервера
2026-07-12 19:03:02 [DEBUG] asyncio: Using selector: SelectSelector
2026-07-12 19:03:02 [INFO] server: Запуск сервера
2026-07-12 19:03:02 [DEBUG] tzlocal: Looking up time zone info from registry
2026-07-12 19:03:02 [INFO] apscheduler.scheduler: Adding job tentatively -- it will be properly scheduled when the scheduler starts
2026-07-12 19:03:02 [INFO] apscheduler.scheduler: Added job "update_data_from_base" to job store "default"
2026-07-12 19:03:02 [INFO] apscheduler.scheduler: Scheduler started
2026-07-12 19:03:02 [DEBUG] apscheduler.scheduler: Looking for jobs to run
2026-07-12 19:03:02 [DEBUG] apscheduler.scheduler: Next wakeup is due at 2026-07-12 19:03:32.833724+03:00 (in 29.966482 seconds)
2026-07-12 19:03:02 [INFO] server: 📅 Планировщик задач запущен: обновление базы настроено на каждые 3 часа.
2026-07-12 19:03:32 [DEBUG] apscheduler.scheduler: Looking for jobs to run
2026-07-12 19:03:32 [DEBUG] apscheduler.scheduler: Next wakeup is due at 2026-07-12 19:04:02.833724+03:00 (in 29.985206 seconds)
2026-07-12 19:03:32 [INFO] apscheduler.executors.default: Running job "update_data_from_base (trigger: interval[0:00:30], next run at: 2026-07-12 19:04:02 MSK)" (scheduled at 2026-07-12 19:03:32.833724+03:00)
2026-07-12 19:03:33 [DEBUG] urllib3.util.retry: Converted retries value: 3 -> Retry(total=3, connect=None, read=None, redirect=None, status=None)
2026-07-12 19:03:33 [DEBUG] urllib3.connectionpool: Starting new HTTPS connection (1): oauth2.googleapis.com:443
2026-07-12 19:03:33 [DEBUG] urllib3.connectionpool: https://oauth2.googleapis.com:443 "POST /token HTTP/1.1" 200 None
2026-07-12 19:03:33 [DEBUG] urllib3.connectionpool: Starting new HTTPS connection (1): iamcredentials.googleapis.com:443
2026-07-12 19:03:33 [DEBUG] urllib3.connectionpool: Starting new HTTPS connection (1): sheets.googleapis.com:443
2026-07-12 19:03:33 [DEBUG] urllib3.connectionpool: https://iamcredentials.googleapis.com:443 "GET /v1/projects/-/serviceAccounts/avshilov995@ambient-sum-444611-f9.iam.gserviceaccount.com/allowedLocations HTTP/1.1" 200 None
2026-07-12 19:03:36 [DEBUG] urllib3.connectionpool: https://sheets.googleapis.com:443 "GET /v4/spreadsheets/1fkn3Yddjv5qqkiI4Oz1WXYTe5hWciHktJHPM23NzAbE?includeGridData=false HTTP/1.1" 200 None
2026-07-12 19:03:37 [DEBUG] urllib3.connectionpool: https://sheets.googleapis.com:443 "GET /v4/spreadsheets/1fkn3Yddjv5qqkiI4Oz1WXYTe5hWciHktJHPM23NzAbE?includeGridData=false HTTP/1.1" 200 None
2026-07-12 19:03:37 [DEBUG] urllib3.connectionpool: https://sheets.googleapis.com:443 "GET /v4/spreadsheets/1fkn3Yddjv5qqkiI4Oz1WXYTe5hWciHktJHPM23NzAbE?includeGridData=false HTTP/1.1" 200 None
2026-07-12 19:03:38 [DEBUG] urllib3.connectionpool: https://sheets.googleapis.com:443 "GET /v4/spreadsheets/1fkn3Yddjv5qqkiI4Oz1WXYTe5hWciHktJHPM23NzAbE?includeGridData=false HTTP/1.1" 200 None
2026-07-12 19:03:39 [DEBUG] urllib3.connectionpool: https://sheets.googleapis.com:443 "GET /v4/spreadsheets/1fkn3Yddjv5qqkiI4Oz1WXYTe5hWciHktJHPM23NzAbE?includeGridData=false HTTP/1.1" 200 None
2026-07-12 19:03:40 [DEBUG] urllib3.connectionpool: https://sheets.googleapis.com:443 "GET /v4/spreadsheets/1fkn3Yddjv5qqkiI4Oz1WXYTe5hWciHktJHPM23NzAbE/values/%27%D0%9E%D1%82%D0%B3%D1%80%D1%83%D0%B6%D0%B5%D0%BD%D0%BE%27?valueRenderOption=UNFORMATTED_VALUE HTTP/1.1" 200 None
2026-07-12 19:03:41 [INFO] data_from_base_update: Лист 'Отгружено': 4631 строк, 40 колонок. Реальные заголовки: ['Сеть', 'Идентификатор', 'Проект', '№', 'Город отправления', 'Адрес грузоотправителя', 'Грузоотправитель', 'Телефон_отпр', 'Город назначения', 'Адрес грузополучателя', 'Грузополучатель', 'Форма собственности', 'ИНН', 'Документ', 'Серия', 'Номер', 'Телефон_пол', 'Описание груза', 'Кол-во\nмест', 'Комментарии', '№ эксп. поруч.', 'Статус доставки', 'Документы и примечания', 'Статус документов', 'Фактическая дата отгрузки', 'Расчетная дата доставки', 'Фактическая дата доставки', 'Требуемая дата доставки по сводной', 'Водитель', 'Перевозчик 1', 'Цена 1', 'Срок 1', 'Плановая дата доставки 1', 'Перевозчик 2', 'Цена 2', 'Срок 2', 'Плановая дата доставки 2', 'Объем', '', '']
2026-07-12 19:03:42 [DEBUG] urllib3.connectionpool: https://sheets.googleapis.com:443 "GET /v4/spreadsheets/1fkn3Yddjv5qqkiI4Oz1WXYTe5hWciHktJHPM23NzAbE/values/%27%D0%9A%D0%BE%D0%BD%D1%82%D1%80%D0%BE%D0%BB%D1%8C%D0%BD%D1%8B%D0%B9%20%D0%B4%D0%B8%D0%B0%D0%BF%D0%B0%D0%B7%D0%BE%D0%BD%27?valueRenderOption=UNFORMATTED_VALUE HTTP/1.1" 200 None
2026-07-12 19:03:42 [INFO] data_from_base_update: Лист 'Контрольный диапазон': 0 строк, 39 колонок. Реальные заголовки: ['Сеть', 'Идентификатор', 'Проект', '№', 'Город отправления', 'Адрес грузоотправителя', 'Грузоотправитель', 'Телефон', 'Город назначения', 'Адрес грузополучателя', 'Грузополучатель', 'Форма собственности', 'ИНН', 'Документ', 'Серия', 'Номер', 'Телефон', 'Описание груза', 'Кол-во\nмест', 'Комментарии', '№ эксп. поруч.', 'Статус доставки', 'Документы и примечания', 'Статус документов', 'Фактическая дата отгрузки', 'Расчетная дата доставки', 'Фактическая дата доставки', 'Требуемая дата доставки по сводной', 'Водитель', 'Перевозчик 1', 'Цена 1', 'Срок 1', 'Плановая дата доставки 1', 'Перевозчик 2', 'Цена 2', 'Срок 2', 'Плановая дата доставки 2', 'Объем', 'Траты по проектам']
2026-07-12 19:03:43 [DEBUG] urllib3.connectionpool: https://sheets.googleapis.com:443 "GET /v4/spreadsheets/1fkn3Yddjv5qqkiI4Oz1WXYTe5hWciHktJHPM23NzAbE/values/%27%D0%93%D0%BE%D1%82%D0%BE%D0%B2%D0%B8%D1%82%D1%81%D1%8F%20%D0%BA%20%D0%BE%D1%82%D0%B3%D1%80%D1%83%D0%B7%D0%BA%D0%B5%27?valueRenderOption=UNFORMATTED_VALUE HTTP/1.1" 200 None
2026-07-12 19:03:43 [INFO] data_from_base_update: Лист 'Готовится к отгрузке': 47 строк, 39 колонок. Реальные заголовки: ['Сеть', 'Идентификатор', 'Проект', '№', 'Город отправления', 'Адрес грузоотправителя', 'Грузоотправитель', 'Телефон', 'Город назначения', 'Адрес грузополучателя', 'Грузополучатель', 'Форма собственности', 'ИНН', 'Документ', 'Серия', 'Номер', 'Телефон', 'Описание груза', 'Кол-во\nмест', 'Комментарии', '№ эксп. поруч.', 'Статус доставки', 'Документы и примечания', 'Статус документов', 'Фактическая дата отгрузки', 'Плановая дата отгрузки', 'Фактическая дата доставки', 'Требуемая дата доставки по сводной', 'Водитель', 'Перевозчик 1', 'Цена 1', 'Срок 1', 'Плановая дата доставки 1', 'Перевозчик 2', 'Цена 2', 'Срок 2', 'Плановая дата доставки 2', 'Объем', 'Траты по проектам']
2026-07-12 19:03:44 [DEBUG] urllib3.connectionpool: https://sheets.googleapis.com:443 "GET /v4/spreadsheets/1fkn3Yddjv5qqkiI4Oz1WXYTe5hWciHktJHPM23NzAbE/values/%27%D0%97%D0%B0%D1%8F%D0%B2%D0%BA%D0%B8%27?valueRenderOption=UNFORMATTED_VALUE HTTP/1.1" 200 None
2026-07-12 19:03:44 [INFO] data_from_base_update: Лист 'Заявки': 28 строк, 39 колонок. Реальные заголовки: ['Сеть', 'Идентификатор', 'Проект', '№', 'Город отправления', 'Адрес грузоотправителя', 'Грузоотправитель', 'Телефон', 'Город назначения', 'Адрес грузополучателя', 'Грузополучатель', 'Форма собственности', 'ИНН', 'Документ', 'Серия', 'Номер', 'Телефон', 'Описание груза', 'Кол-во\nмест', 'Комментарии', '№ эксп. поруч.', 'Статус доставки', 'Документы и примечания', 'Статус документов', 'Фактическая дата отгрузки', 'Плановая дата отгрузки', 'Фактическая дата прибытия', 'Требуемая дата доставки по сводной', 'Водитель', 'Перевозчик 1', 'Цена 1', 'Срок 1', 'Плановая дата доставки 1', 'Перевозчик 2', 'Цена 2', 'Срок 2', 'Плановая дата доставки 2', 'Объем', 'Траты по проектам']
2026-07-12 19:03:44 [INFO] data_from_base_update: Всего скачано строк по всем листам: 4706
2026-07-12 19:03:44 [INFO] data_from_base_update: Локальная база обновлена: base_data.json
2026-07-12 19:03:44 [INFO] data_from_base_update: Информация об обновлении записана: update_base_info.json
2026-07-12 19:03:44 [INFO] apscheduler.executors.default: Job "update_data_from_base (trigger: interval[0:00:30], next run at: 2026-07-12 19:04:02 MSK)" executed successfully
2026-07-12 19:03:58 [INFO] apscheduler.scheduler: Scheduler has been shut down
2026-07-12 19:03:58 [DEBUG] apscheduler.scheduler: Looking for jobs to run
2026-07-12 19:03:58 [DEBUG] apscheduler.scheduler: No jobs; waiting until a job is added
2026-07-12 19:03:58 [INFO] server: 📅 Планировщик задач успешно остановлен.
2026-07-12 19:05:48 [INFO] __main__: Запуск сервера
2026-07-12 19:05:49 [INFO] __mp_main__: Запуск сервера
2026-07-12 19:05:49 [DEBUG] asyncio: Using selector: SelectSelector
2026-07-12 19:05:49 [INFO] server: Запуск сервера
2026-07-12 19:05:49 [DEBUG] tzlocal: Looking up time zone info from registry
2026-07-12 19:05:49 [INFO] apscheduler.scheduler: Adding job tentatively -- it will be properly scheduled when the scheduler starts
2026-07-12 19:05:49 [INFO] apscheduler.scheduler: Added job "update_data_from_base" to job store "default"
2026-07-12 19:05:49 [INFO] apscheduler.scheduler: Scheduler started
2026-07-12 19:05:49 [DEBUG] apscheduler.scheduler: Looking for jobs to run
2026-07-12 19:05:49 [DEBUG] apscheduler.scheduler: Next wakeup is due at 2026-07-12 19:09:49.505404+03:00 (in 239.995435 seconds)
2026-07-12 19:05:49 [INFO] server: 📅 Планировщик задач запущен: обновление базы настроено на каждые 3 часа.
2026-07-12 19:09:49 [DEBUG] apscheduler.scheduler: Looking for jobs to run
2026-07-12 19:09:49 [DEBUG] apscheduler.scheduler: Next wakeup is due at 2026-07-12 19:13:49.505404+03:00 (in 239.990441 seconds)
2026-07-12 19:09:49 [INFO] apscheduler.executors.default: Running job "update_data_from_base (trigger: interval[0:04:00], next run at: 2026-07-12 19:13:49 MSK)" (scheduled at 2026-07-12 19:09:49.505404+03:00)
2026-07-12 19:09:49 [DEBUG] urllib3.util.retry: Converted retries value: 3 -> Retry(total=3, connect=None, read=None, redirect=None, status=None)
2026-07-12 19:09:49 [DEBUG] urllib3.connectionpool: Starting new HTTPS connection (1): oauth2.googleapis.com:443
2026-07-12 19:09:49 [DEBUG] urllib3.connectionpool: https://oauth2.googleapis.com:443 "POST /token HTTP/1.1" 200 None
2026-07-12 19:09:49 [DEBUG] urllib3.connectionpool: Starting new HTTPS connection (1): sheets.googleapis.com:443
2026-07-12 19:09:49 [DEBUG] urllib3.connectionpool: Starting new HTTPS connection (1): iamcredentials.googleapis.com:443
2026-07-12 19:09:50 [DEBUG] urllib3.connectionpool: https://iamcredentials.googleapis.com:443 "GET /v1/projects/-/serviceAccounts/avshilov995@ambient-sum-444611-f9.iam.gserviceaccount.com/allowedLocations HTTP/1.1" 200 None
2026-07-12 19:09:52 [DEBUG] urllib3.connectionpool: https://sheets.googleapis.com:443 "GET /v4/spreadsheets/1fkn3Yddjv5qqkiI4Oz1WXYTe5hWciHktJHPM23NzAbE?includeGridData=false HTTP/1.1" 200 None
2026-07-12 19:09:53 [DEBUG] urllib3.connectionpool: https://sheets.googleapis.com:443 "GET /v4/spreadsheets/1fkn3Yddjv5qqkiI4Oz1WXYTe5hWciHktJHPM23NzAbE?includeGridData=false HTTP/1.1" 200 None
2026-07-12 19:09:54 [DEBUG] urllib3.connectionpool: https://sheets.googleapis.com:443 "GET /v4/spreadsheets/1fkn3Yddjv5qqkiI4Oz1WXYTe5hWciHktJHPM23NzAbE?includeGridData=false HTTP/1.1" 200 None
2026-07-12 19:09:54 [DEBUG] urllib3.connectionpool: https://sheets.googleapis.com:443 "GET /v4/spreadsheets/1fkn3Yddjv5qqkiI4Oz1WXYTe5hWciHktJHPM23NzAbE?includeGridData=false HTTP/1.1" 200 None
2026-07-12 19:09:55 [DEBUG] urllib3.connectionpool: https://sheets.googleapis.com:443 "GET /v4/spreadsheets/1fkn3Yddjv5qqkiI4Oz1WXYTe5hWciHktJHPM23NzAbE?includeGridData=false HTTP/1.1" 200 None
2026-07-12 19:09:57 [DEBUG] urllib3.connectionpool: https://sheets.googleapis.com:443 "GET /v4/spreadsheets/1fkn3Yddjv5qqkiI4Oz1WXYTe5hWciHktJHPM23NzAbE/values/%27%D0%9E%D1%82%D0%B3%D1%80%D1%83%D0%B6%D0%B5%D0%BD%D0%BE%27?valueRenderOption=UNFORMATTED_VALUE HTTP/1.1" 200 None
2026-07-12 19:09:58 [INFO] data_from_base_update: Лист 'Отгружено': 4631 строк, 40 колонок
2026-07-12 19:09:58 [DEBUG] urllib3.connectionpool: https://sheets.googleapis.com:443 "GET /v4/spreadsheets/1fkn3Yddjv5qqkiI4Oz1WXYTe5hWciHktJHPM23NzAbE/values/%27%D0%9A%D0%BE%D0%BD%D1%82%D1%80%D0%BE%D0%BB%D1%8C%D0%BD%D1%8B%D0%B9%20%D0%B4%D0%B8%D0%B0%D0%BF%D0%B0%D0%B7%D0%BE%D0%BD%27?valueRenderOption=UNFORMATTED_VALUE HTTP/1.1" 200 None
2026-07-12 19:09:58 [INFO] data_from_base_update: Лист 'Контрольный диапазон': 0 строк, 39 колонок
2026-07-12 19:09:59 [DEBUG] urllib3.connectionpool: https://sheets.googleapis.com:443 "GET /v4/spreadsheets/1fkn3Yddjv5qqkiI4Oz1WXYTe5hWciHktJHPM23NzAbE/values/%27%D0%93%D0%BE%D1%82%D0%BE%D0%B2%D0%B8%D1%82%D1%81%D1%8F%20%D0%BA%20%D0%BE%D1%82%D0%B3%D1%80%D1%83%D0%B7%D0%BA%D0%B5%27?valueRenderOption=UNFORMATTED_VALUE HTTP/1.1" 200 None
2026-07-12 19:09:59 [INFO] data_from_base_update: Лист 'Готовится к отгрузке': 47 строк, 39 колонок
2026-07-12 19:10:00 [DEBUG] urllib3.connectionpool: https://sheets.googleapis.com:443 "GET /v4/spreadsheets/1fkn3Yddjv5qqkiI4Oz1WXYTe5hWciHktJHPM23NzAbE/values/%27%D0%97%D0%B0%D1%8F%D0%B2%D0%BA%D0%B8%27?valueRenderOption=UNFORMATTED_VALUE HTTP/1.1" 200 None
2026-07-12 19:10:00 [INFO] data_from_base_update: Лист 'Заявки': 28 строк, 39 колонок
2026-07-12 19:10:00 [INFO] data_from_base_update: Всего скачано строк по всем листам: 4706
2026-07-12 19:10:01 [INFO] data_from_base_update: Локальная база обновлена: base_data.json
2026-07-12 19:10:01 [INFO] data_from_base_update: Информация об обновлении записана: update_base_info.json
2026-07-12 19:10:01 [INFO] apscheduler.executors.default: Job "update_data_from_base (trigger: interval[0:04:00], next run at: 2026-07-12 19:13:49 MSK)" executed successfully
2026-07-12 19:13:31 [DEBUG] urllib3.connectionpool: Starting new HTTP connection (1): 127.0.0.1:8000
2026-07-12 19:13:31 [INFO] server: === ВХОДЯЩИЙ ВЕБХУК ===
2026-07-12 19:13:31 [INFO] server: {'updates': [{'from': {'login': 'avshilov995', 'id': '8cdbb306-2ef5-92cb-796d-65179fd679cc', 'display_name': 'Александр Шилов', 'robot': False}, 'chat': {'type': 'private', 'id': '23208209-4a77-9fd8-5064-77aeffd34a20_8cdbb306-2ef5-92cb-796d-65179fd679cc'}, 'text': 'накладная 26-10531005882', 'timestamp': 1783850113, 'message_id': 1783850113344034, 'payload_id': 'a4eadbe6-370f-7f7b-be9fd9f1', 'update_id': 1783850113344034}]}
2026-07-12 19:13:31 [INFO] server: Получено сообщение: login=avshilov995, name=Александр Шилов, text='накладная 26-10531005882'
2026-07-12 19:13:31 [INFO] server: Обрабатываем update #0: chat_id=23208209-4a77-9fd8-5064-77aeffd34a20_8cdbb306-2ef5-92cb-796d-65179fd679cc user_id=8cdbb306-2ef5-92cb-796d-65179fd679cc text=накладная 26-10531005882
2026-07-12 19:13:31 [DEBUG] urllib3.connectionpool: http://127.0.0.1:8000 "POST /webhook HTTP/1.1" 200 230
2026-07-12 19:13:31 [INFO] __main__: Запрос успешно выполнен. Статус ответа: 200
2026-07-12 19:13:31 [INFO] __main__: {'status': 'ok', 'handled_count': 1, 'errors_count': 0, 'details': [{'update_index': 0, 'status': 'handled', 'chat_id': '23208209-4a77-9fd8-5064-77aeffd34a20_8cdbb306-2ef5-92cb-796d-65179fd679cc', 'reply': 'НАКЛАДНАЯ 26-10531005882'}]}
2026-07-12 19:13:38 [DEBUG] urllib3.connectionpool: Starting new HTTP connection (1): 127.0.0.1:8000
2026-07-12 19:13:38 [INFO] server: === ВХОДЯЩИЙ ВЕБХУК ===
2026-07-12 19:13:38 [INFO] server: {'updates': [{'from': {'login': 'avshilov995', 'id': '8cdbb306-2ef5-92cb-796d-65179fd679cc', 'display_name': 'Александр Шилов', 'robot': False}, 'chat': {'type': 'private', 'id': '23208209-4a77-9fd8-5064-77aeffd34a20_8cdbb306-2ef5-92cb-796d-65179fd679cc'}, 'text': 'накладная 26-10531005882', 'timestamp': 1783850113, 'message_id': 1783850113344034, 'payload_id': 'a4eadbe6-370f-7f7b-be9fd9f1', 'update_id': 1783850113344034}]}
2026-07-12 19:13:38 [INFO] server: Получено сообщение: login=avshilov995, name=Александр Шилов, text='накладная 26-10531005882'
2026-07-12 19:13:38 [INFO] server: Обрабатываем update #0: chat_id=23208209-4a77-9fd8-5064-77aeffd34a20_8cdbb306-2ef5-92cb-796d-65179fd679cc user_id=8cdbb306-2ef5-92cb-796d-65179fd679cc text=накладная 26-10531005882
2026-07-12 19:13:38 [DEBUG] urllib3.connectionpool: http://127.0.0.1:8000 "POST /webhook HTTP/1.1" 200 230
2026-07-12 19:13:38 [INFO] __main__: Запрос успешно выполнен. Статус ответа: 200
2026-07-12 19:13:38 [INFO] __main__: {'status': 'ok', 'handled_count': 1, 'errors_count': 0, 'details': [{'update_index': 0, 'status': 'handled', 'chat_id': '23208209-4a77-9fd8-5064-77aeffd34a20_8cdbb306-2ef5-92cb-796d-65179fd679cc', 'reply': 'НАКЛАДНАЯ 26-10531005882'}]}
2026-07-12 19:13:49 [DEBUG] apscheduler.scheduler: Looking for jobs to run
2026-07-12 19:13:49 [DEBUG] apscheduler.scheduler: Next wakeup is due at 2026-07-12 19:17:49.505404+03:00 (in 239.984981 seconds)
2026-07-12 19:13:49 [INFO] apscheduler.executors.default: Running job "update_data_from_base (trigger: interval[0:04:00], next run at: 2026-07-12 19:17:49 MSK)" (scheduled at 2026-07-12 19:13:49.505404+03:00)
2026-07-12 19:13:49 [DEBUG] urllib3.util.retry: Converted retries value: 3 -> Retry(total=3, connect=None, read=None, redirect=None, status=None)
2026-07-12 19:13:49 [DEBUG] urllib3.connectionpool: Starting new HTTPS connection (1): oauth2.googleapis.com:443
2026-07-12 19:13:53 [DEBUG] urllib3.connectionpool: https://oauth2.googleapis.com:443 "POST /token HTTP/1.1" 200 None
2026-07-12 19:13:53 [DEBUG] urllib3.connectionpool: Starting new HTTPS connection (1): sheets.googleapis.com:443
2026-07-12 19:13:53 [DEBUG] urllib3.connectionpool: Starting new HTTPS connection (1): iamcredentials.googleapis.com:443
2026-07-12 19:13:54 [DEBUG] urllib3.connectionpool: https://iamcredentials.googleapis.com:443 "GET /v1/projects/-/serviceAccounts/avshilov995@ambient-sum-444611-f9.iam.gserviceaccount.com/allowedLocations HTTP/1.1" 200 None
2026-07-12 19:13:55 [DEBUG] urllib3.connectionpool: https://sheets.googleapis.com:443 "GET /v4/spreadsheets/1fkn3Yddjv5qqkiI4Oz1WXYTe5hWciHktJHPM23NzAbE?includeGridData=false HTTP/1.1" 200 None
2026-07-12 19:13:56 [DEBUG] urllib3.connectionpool: https://sheets.googleapis.com:443 "GET /v4/spreadsheets/1fkn3Yddjv5qqkiI4Oz1WXYTe5hWciHktJHPM23NzAbE?includeGridData=false HTTP/1.1" 200 None
2026-07-12 19:13:56 [DEBUG] urllib3.connectionpool: https://sheets.googleapis.com:443 "GET /v4/spreadsheets/1fkn3Yddjv5qqkiI4Oz1WXYTe5hWciHktJHPM23NzAbE?includeGridData=false HTTP/1.1" 200 None
2026-07-12 19:13:57 [DEBUG] urllib3.connectionpool: https://sheets.googleapis.com:443 "GET /v4/spreadsheets/1fkn3Yddjv5qqkiI4Oz1WXYTe5hWciHktJHPM23NzAbE?includeGridData=false HTTP/1.1" 200 None
2026-07-12 19:13:58 [DEBUG] urllib3.connectionpool: https://sheets.googleapis.com:443 "GET /v4/spreadsheets/1fkn3Yddjv5qqkiI4Oz1WXYTe5hWciHktJHPM23NzAbE?includeGridData=false HTTP/1.1" 200 None
2026-07-12 19:14:00 [DEBUG] urllib3.connectionpool: https://sheets.googleapis.com:443 "GET /v4/spreadsheets/1fkn3Yddjv5qqkiI4Oz1WXYTe5hWciHktJHPM23NzAbE/values/%27%D0%9E%D1%82%D0%B3%D1%80%D1%83%D0%B6%D0%B5%D0%BD%D0%BE%27?valueRenderOption=UNFORMATTED_VALUE HTTP/1.1" 200 None
2026-07-12 19:14:00 [INFO] data_from_base_update: Лист 'Отгружено': 4631 строк, 40 колонок
2026-07-12 19:14:01 [DEBUG] urllib3.connectionpool: https://sheets.googleapis.com:443 "GET /v4/spreadsheets/1fkn3Yddjv5qqkiI4Oz1WXYTe5hWciHktJHPM23NzAbE/values/%27%D0%9A%D0%BE%D0%BD%D1%82%D1%80%D0%BE%D0%BB%D1%8C%D0%BD%D1%8B%D0%B9%20%D0%B4%D0%B8%D0%B0%D0%BF%D0%B0%D0%B7%D0%BE%D0%BD%27?valueRenderOption=UNFORMATTED_VALUE HTTP/1.1" 200 None
2026-07-12 19:14:01 [INFO] data_from_base_update: Лист 'Контрольный диапазон': 0 строк, 39 колонок
2026-07-12 19:14:02 [DEBUG] urllib3.connectionpool: https://sheets.googleapis.com:443 "GET /v4/spreadsheets/1fkn3Yddjv5qqkiI4Oz1WXYTe5hWciHktJHPM23NzAbE/values/%27%D0%93%D0%BE%D1%82%D0%BE%D0%B2%D0%B8%D1%82%D1%81%D1%8F%20%D0%BA%20%D0%BE%D1%82%D0%B3%D1%80%D1%83%D0%B7%D0%BA%D0%B5%27?valueRenderOption=UNFORMATTED_VALUE HTTP/1.1" 200 None
2026-07-12 19:14:02 [INFO] data_from_base_update: Лист 'Готовится к отгрузке': 47 строк, 39 колонок
2026-07-12 19:14:03 [DEBUG] urllib3.connectionpool: https://sheets.googleapis.com:443 "GET /v4/spreadsheets/1fkn3Yddjv5qqkiI4Oz1WXYTe5hWciHktJHPM23NzAbE/values/%27%D0%97%D0%B0%D1%8F%D0%B2%D0%BA%D0%B8%27?valueRenderOption=UNFORMATTED_VALUE HTTP/1.1" 200 None
2026-07-12 19:14:03 [INFO] data_from_base_update: Лист 'Заявки': 28 строк, 39 колонок
2026-07-12 19:14:03 [INFO] data_from_base_update: Всего скачано строк по всем листам: 4706
2026-07-12 19:14:03 [INFO] data_from_base_update: Локальная база обновлена: base_data.json
2026-07-12 19:14:03 [INFO] data_from_base_update: Информация об обновлении записана: update_base_info.json
2026-07-12 19:14:03 [INFO] apscheduler.executors.default: Job "update_data_from_base (trigger: interval[0:04:00], next run at: 2026-07-12 19:17:49 MSK)" executed successfully
2026-07-12 19:14:16 [DEBUG] urllib3.connectionpool: Starting new HTTP connection (1): 127.0.0.1:8000
2026-07-12 19:14:16 [INFO] server: === ВХОДЯЩИЙ ВЕБХУК ===
2026-07-12 19:14:16 [INFO] server: {'updates': [{'from': {'login': 'avshilov995', 'id': '8cdbb306-2ef5-92cb-796d-65179fd679cc', 'display_name': 'Александр Шилов', 'robot': False}, 'chat': {'type': 'private', 'id': '23208209-4a77-9fd8-5064-77aeffd34a20_8cdbb306-2ef5-92cb-796d-65179fd679cc'}, 'text': 'накладная 26-10531005882', 'timestamp': 1783850113, 'message_id': 1783850113344034, 'payload_id': 'a4eadbe6-370f-7f7b-be9fd9f1', 'update_id': 1783850113344034}]}
2026-07-12 19:14:16 [INFO] server: Получено сообщение: login=avshilov995, name=Александр Шилов, text='накладная 26-10531005882'
2026-07-12 19:14:16 [INFO] server: Обрабатываем update #0: chat_id=23208209-4a77-9fd8-5064-77aeffd34a20_8cdbb306-2ef5-92cb-796d-65179fd679cc user_id=8cdbb306-2ef5-92cb-796d-65179fd679cc text=накладная 26-10531005882
2026-07-12 19:14:16 [DEBUG] urllib3.connectionpool: http://127.0.0.1:8000 "POST /webhook HTTP/1.1" 200 230
2026-07-12 19:14:16 [INFO] __main__: Запрос успешно выполнен. Статус ответа: 200
2026-07-12 19:14:16 [INFO] __main__: {'status': 'ok', 'handled_count': 1, 'errors_count': 0, 'details': [{'update_index': 0, 'status': 'handled', 'chat_id': '23208209-4a77-9fd8-5064-77aeffd34a20_8cdbb306-2ef5-92cb-796d-65179fd679cc', 'reply': 'НАКЛАДНАЯ 26-10531005882'}]}
2026-07-12 19:14:21 [INFO] apscheduler.scheduler: Scheduler has been shut down
2026-07-12 19:14:21 [DEBUG] apscheduler.scheduler: Looking for jobs to run
2026-07-12 19:14:21 [DEBUG] apscheduler.scheduler: No jobs; waiting until a job is added
2026-07-12 19:14:21 [INFO] server: 📅 Планировщик задач успешно остановлен.
